  adding: amplify.yml (deflated 42%)
  adding: README.md (deflated 50%)
  adding: public/ (stored 0%)
  adding: public/favicon.ico (deflated 11%)
  adding: public/index.html (deflated 53%)
  adding: public/logo512.png (deflated 0%)
  adding: public/manifest.json (deflated 54%)
  adding: public/robots.txt (deflated 10%)
  adding: public/logo192.png (deflated 1%)
  adding: .gitignore (deflated 53%)
  adding: package-lock.json (deflated 81%)
  adding: package.json (deflated 63%)
  adding: src/ (stored 0%)
  adding: src/reportWebVitals.js (deflated 51%)
  adding: src/App.css (deflated 45%)
  adding: src/index.js (deflated 45%)
  adding: src/index.css (deflated 34%)
  adding: src/Error.js (deflated 45%)
  adding: src/Components/ (stored 0%)
  adding: src/Components/context/ (stored 0%)
  adding: src/Components/context/NotificationContext.js (deflated 66%)
  adding: src/Components/context/AppLayoutContext.js (deflated 63%)
  adding: src/Components/Liveness.js (deflated 80%)
  adding: src/Components/Header.js (deflated 52%)
  adding: src/Components/SideNavigation.js (deflated 54%)
  adding: src/Components/Routes.js (deflated 74%)
  adding: src/App.test.js (deflated 31%)
  adding: src/setupTests.js (deflated 29%)
  adding: src/Pages/ (stored 0%)
  adding: src/Pages/Register.js (deflated 82%)
  adding: src/Pages/SignIn.js (deflated 75%)
  adding: src/Pages/Home.js (deflated 65%)
  adding: src/Pages/RegisterWithIdCard.js (deflated 81%)
  adding: src/Pages/LoggedIn.js (deflated 66%)
  adding: src/Pages/Success.js (deflated 69%)
  adding: src/logo.svg (deflated 52%)
  adding: src/App.js (deflated 70%)
  adding: zip.log